<?xml version="1.0" encoding="UTF-8"?>
<testng-results ignored="0" total="1" passed="1" failed="0" skipped="0">
  <reporter-output>
  </reporter-output>
  <suite started-at="2021-03-22T20:31:00Z" name="Failed suite [Suite]" finished-at="2021-03-22T20:31:20Z" duration-ms="19727">
    <groups>
    </groups>
    <test started-at="2021-03-22T20:31:00Z" name="e-Banking_Test(failed)" finished-at="2021-03-22T20:31:20Z" duration-ms="19727">
      <class name="com.inetBanking.testcases.TC_AddCustomerTest_003">
        <test-method is-config="true" signature="setUp()[pri:0, instance:com.inetBanking.testcases.TC_AddCustomerTest_003@5fb759d6]" started-at="2021-03-22T20:31:00Z" name="setUp" finished-at="2021-03-22T20:31:00Z" duration-ms="13" status="PASS">
          <reporter-output>
          </reporter-output>
        </test-method> <!-- setUp -->
        <test-method is-config="true" signature="goLogin(java.lang.String)[pri:0, instance:com.inetBanking.testcases.TC_AddCustomerTest_003@5fb759d6]" started-at="2021-03-22T20:31:00Z" name="goLogin" finished-at="2021-03-22T20:31:10Z" duration-ms="9291" status="PASS">
          <params>
            <param index="0">
              <value>
                <![CDATA[chrome]]>
              </value>
            </param>
          </params>
          <reporter-output>
          </reporter-output>
        </test-method> <!-- goLogin -->
        <test-method signature="addNewCustomer()[pri:0, instance:com.inetBanking.testcases.TC_AddCustomerTest_003@5fb759d6]" started-at="2021-03-22T20:31:10Z" name="addNewCustomer" finished-at="2021-03-22T20:31:19Z" duration-ms="9115" status="PASS">
          <reporter-output>
          </reporter-output>
        </test-method> <!-- addNewCustomer -->
        <test-method is-config="true" signature="recordFailure(org.testng.ITestResult)[pri:0, instance:com.inetBanking.testcases.TC_AddCustomerTest_003@5fb759d6]" started-at="2021-03-22T20:31:19Z" name="recordFailure" finished-at="2021-03-22T20:31:20Z" duration-ms="634" status="PASS">
          <params>
            <param index="0">
              <value>
                <![CDATA[[TestResult name=addNewCustomer status=SUCCESS method=TC_AddCustomerTest_003.addNewCustomer()[pri:0, instance:com.inetBanking.testcases.TC_AddCustomerTest_003@5fb759d6] output={null}]]]>
              </value>
            </param>
          </params>
          <reporter-output>
          </reporter-output>
        </test-method> <!-- recordFailure -->
        <test-method is-config="true" signature="tearDown()[pri:0, instance:com.inetBanking.testcases.TC_AddCustomerTest_003@5fb759d6]" started-at="2021-03-22T20:31:20Z" name="tearDown" finished-at="2021-03-22T20:31:20Z" duration-ms="603" status="PASS">
          <reporter-output>
          </reporter-output>
        </test-method> <!-- tearDown -->
      </class> <!-- com.inetBanking.testcases.TC_AddCustomerTest_003 -->
    </test> <!-- e-Banking_Test(failed) -->
  </suite> <!-- Failed suite [Suite] -->
</testng-results>
